2024-08-19 08:14:59,792 INFO [SpringContextShutdownHook][ExecutorConfigurationSupport.java:218] - Shutting down ExecutorService 'applicationTaskExecutor'
2024-08-19 08:14:59,792 INFO [SpringContextShutdownHook][ExecutorConfigurationSupport.java:218] - Shutting down ExecutorService 'applicationTaskExecutor'
2024-08-19 08:57:38,199 INFO [background-preinit][Version.java:21] - HV000001: Hibernate Validator 6.1.6.Final
2024-08-19 08:57:38,199 INFO [background-preinit][Version.java:21] - HV000001: Hibernate Validator 6.1.6.Final
2024-08-19 08:57:38,660 INFO [main][SpringApplication.java:651] - No active profile set, falling back to default profiles: default
2024-08-19 08:57:38,660 INFO [main][SpringApplication.java:651] - No active profile set, falling back to default profiles: default
2024-08-19 08:57:39,472 WARN [main][Logger.java:44] - Skipping MapperFactoryBean with name 'dictionaryMapper' and 'wang.zi.jie.system.mapper.DictionaryMapper' mapperInterface. Bean already defined with the same name!
2024-08-19 08:57:39,472 WARN [main][Logger.java:44] - Skipping MapperFactoryBean with name 'dictionaryMapper' and 'wang.zi.jie.system.mapper.DictionaryMapper' mapperInterface. Bean already defined with the same name!
2024-08-19 08:57:39,549 INFO [main][GenericScope.java:295] - BeanFactory id=ed453d62-bc22-3b3f-b3ae-09e0cdebc447
2024-08-19 08:57:39,549 INFO [main][GenericScope.java:295] - BeanFactory id=ed453d62-bc22-3b3f-b3ae-09e0cdebc447
2024-08-19 08:57:39,956 INFO [main][TomcatWebServer.java:108] - Tomcat initialized with port(s): 63110 (http)
2024-08-19 08:57:39,956 INFO [main][TomcatWebServer.java:108] - Tomcat initialized with port(s): 63110 (http)
2024-08-19 08:57:39,965 INFO [main][DirectJDKLog.java:173] - Initializing ProtocolHandler ["http-nio-63110"]
2024-08-19 08:57:39,965 INFO [main][DirectJDKLog.java:173] - Initializing ProtocolHandler ["http-nio-63110"]
2024-08-19 08:57:39,966 INFO [main][DirectJDKLog.java:173] - Starting service [Tomcat]
2024-08-19 08:57:39,966 INFO [main][DirectJDKLog.java:173] - Starting service [Tomcat]
2024-08-19 08:57:39,967 INFO [main][DirectJDKLog.java:173] - Starting Servlet engine: [Apache Tomcat/9.0.41]
2024-08-19 08:57:39,967 INFO [main][DirectJDKLog.java:173] - Starting Servlet engine: [Apache Tomcat/9.0.41]
2024-08-19 08:57:40,101 INFO [main][DirectJDKLog.java:173] - Initializing Spring embedded WebApplicationContext
2024-08-19 08:57:40,101 INFO [main][DirectJDKLog.java:173] - Initializing Spring embedded WebApplicationContext
2024-08-19 08:57:40,102 INFO [main][ServletWebServerApplicationContext.java:285] - Root WebApplicationContext: initialization completed in 1423 ms
2024-08-19 08:57:40,102 INFO [main][ServletWebServerApplicationContext.java:285] - Root WebApplicationContext: initialization completed in 1423 ms
2024-08-19 08:57:42,895 INFO [main][PropertySourcedRequestMappingHandlerMapping.java:69] - Mapped URL path [/v2/api-docs] onto method [springfox.documentation.swagger2.web.Swagger2Controller#getDocumentation(String, HttpServletRequest)]
2024-08-19 08:57:42,895 INFO [main][PropertySourcedRequestMappingHandlerMapping.java:69] - Mapped URL path [/v2/api-docs] onto method [springfox.documentation.swagger2.web.Swagger2Controller#getDocumentation(String, HttpServletRequest)]
2024-08-19 08:57:42,993 INFO [main][ExecutorConfigurationSupport.java:181] - Initializing ExecutorService 'applicationTaskExecutor'
2024-08-19 08:57:42,993 INFO [main][ExecutorConfigurationSupport.java:181] - Initializing ExecutorService 'applicationTaskExecutor'
2024-08-19 08:57:43,125 INFO [main][ExecutorConfigurationSupport.java:181] - Initializing ExecutorService 'taskScheduler'
2024-08-19 08:57:43,125 INFO [main][ExecutorConfigurationSupport.java:181] - Initializing ExecutorService 'taskScheduler'
2024-08-19 08:57:43,201 INFO [main][DirectJDKLog.java:173] - Starting ProtocolHandler ["http-nio-63110"]
2024-08-19 08:57:43,201 INFO [main][DirectJDKLog.java:173] - Starting ProtocolHandler ["http-nio-63110"]
2024-08-19 08:57:43,222 INFO [main][TomcatWebServer.java:220] - Tomcat started on port(s): 63110 (http) with context path '/system'
2024-08-19 08:57:43,222 INFO [main][TomcatWebServer.java:220] - Tomcat started on port(s): 63110 (http) with context path '/system'
2024-08-19 08:57:43,223 INFO [main][DocumentationPluginsBootstrapper.java:160] - Context refreshed
2024-08-19 08:57:43,223 INFO [main][DocumentationPluginsBootstrapper.java:160] - Context refreshed
2024-08-19 08:57:43,235 INFO [main][DocumentationPluginsBootstrapper.java:163] - Found 1 custom documentation plugin(s)
2024-08-19 08:57:43,235 INFO [main][DocumentationPluginsBootstrapper.java:163] - Found 1 custom documentation plugin(s)
2024-08-19 08:57:43,266 INFO [main][ApiListingReferenceScanner.java:41] - Scanning for api listing references
2024-08-19 08:57:43,266 INFO [main][ApiListingReferenceScanner.java:41] - Scanning for api listing references
2024-08-19 08:57:43,467 INFO [main][StartupInfoLogger.java:61] - Started wang.zi.jie.SystemApplication in 5.738 seconds (JVM running for 7.845)
2024-08-19 08:57:43,467 INFO [main][StartupInfoLogger.java:61] - Started wang.zi.jie.SystemApplication in 5.738 seconds (JVM running for 7.845)
