2024-08-18 19:49:16,432 INFO [background-preinit][Version.java:21] - HV000001: Hibernate Validator 6.1.6.Final
2024-08-18 19:49:16,432 INFO [background-preinit][Version.java:21] - HV000001: Hibernate Validator 6.1.6.Final
2024-08-18 19:49:17,562 INFO [main][SpringApplication.java:651] - No active profile set, falling back to default profiles: default
2024-08-18 19:49:17,562 INFO [main][SpringApplication.java:651] - No active profile set, falling back to default profiles: default
2024-08-18 19:49:19,431 INFO [main][GenericScope.java:295] - BeanFactory id=493b22b8-4e13-3f9b-9069-69c020a09125
2024-08-18 19:49:19,431 INFO [main][GenericScope.java:295] - BeanFactory id=493b22b8-4e13-3f9b-9069-69c020a09125
2024-08-18 19:49:19,882 INFO [main][TomcatWebServer.java:108] - Tomcat initialized with port(s): 63110 (http)
2024-08-18 19:49:19,882 INFO [main][TomcatWebServer.java:108] - Tomcat initialized with port(s): 63110 (http)
2024-08-18 19:49:19,894 INFO [main][DirectJDKLog.java:173] - Initializing ProtocolHandler ["http-nio-63110"]
2024-08-18 19:49:19,894 INFO [main][DirectJDKLog.java:173] - Initializing ProtocolHandler ["http-nio-63110"]
2024-08-18 19:49:19,894 INFO [main][DirectJDKLog.java:173] - Starting service [Tomcat]
2024-08-18 19:49:19,894 INFO [main][DirectJDKLog.java:173] - Starting service [Tomcat]
2024-08-18 19:49:19,894 INFO [main][DirectJDKLog.java:173] - Starting Servlet engine: [Apache Tomcat/9.0.41]
2024-08-18 19:49:19,894 INFO [main][DirectJDKLog.java:173] - Starting Servlet engine: [Apache Tomcat/9.0.41]
2024-08-18 19:49:20,056 INFO [main][DirectJDKLog.java:173] - Initializing Spring embedded WebApplicationContext
2024-08-18 19:49:20,056 INFO [main][DirectJDKLog.java:173] - Initializing Spring embedded WebApplicationContext
2024-08-18 19:49:20,056 INFO [main][ServletWebServerApplicationContext.java:285] - Root WebApplicationContext: initialization completed in 2461 ms
2024-08-18 19:49:20,056 INFO [main][ServletWebServerApplicationContext.java:285] - Root WebApplicationContext: initialization completed in 2461 ms
2024-08-18 19:49:23,161 INFO [main][PropertySourcedRequestMappingHandlerMapping.java:69] - Mapped URL path [/v2/api-docs] onto method [springfox.documentation.swagger2.web.Swagger2Controller#getDocumentation(String, HttpServletRequest)]
2024-08-18 19:49:23,161 INFO [main][PropertySourcedRequestMappingHandlerMapping.java:69] - Mapped URL path [/v2/api-docs] onto method [springfox.documentation.swagger2.web.Swagger2Controller#getDocumentation(String, HttpServletRequest)]
2024-08-18 19:49:23,271 INFO [main][ExecutorConfigurationSupport.java:181] - Initializing ExecutorService 'applicationTaskExecutor'
2024-08-18 19:49:23,271 INFO [main][ExecutorConfigurationSupport.java:181] - Initializing ExecutorService 'applicationTaskExecutor'
2024-08-18 19:49:23,415 INFO [main][ExecutorConfigurationSupport.java:181] - Initializing ExecutorService 'taskScheduler'
2024-08-18 19:49:23,415 INFO [main][ExecutorConfigurationSupport.java:181] - Initializing ExecutorService 'taskScheduler'
2024-08-18 19:49:23,492 INFO [main][DirectJDKLog.java:173] - Starting ProtocolHandler ["http-nio-63110"]
2024-08-18 19:49:23,492 INFO [main][DirectJDKLog.java:173] - Starting ProtocolHandler ["http-nio-63110"]
2024-08-18 19:49:23,522 INFO [main][TomcatWebServer.java:220] - Tomcat started on port(s): 63110 (http) with context path '/system'
2024-08-18 19:49:23,522 INFO [main][TomcatWebServer.java:220] - Tomcat started on port(s): 63110 (http) with context path '/system'
2024-08-18 19:49:23,524 INFO [main][DocumentationPluginsBootstrapper.java:160] - Context refreshed
2024-08-18 19:49:23,524 INFO [main][DocumentationPluginsBootstrapper.java:160] - Context refreshed
2024-08-18 19:49:23,537 INFO [main][DocumentationPluginsBootstrapper.java:163] - Found 1 custom documentation plugin(s)
2024-08-18 19:49:23,537 INFO [main][DocumentationPluginsBootstrapper.java:163] - Found 1 custom documentation plugin(s)
2024-08-18 19:49:23,573 INFO [main][ApiListingReferenceScanner.java:41] - Scanning for api listing references
2024-08-18 19:49:23,573 INFO [main][ApiListingReferenceScanner.java:41] - Scanning for api listing references
2024-08-18 19:49:23,847 INFO [main][StartupInfoLogger.java:61] - Started wang.zi.jie.SystemApplication in 7.959 seconds (JVM running for 10.409)
2024-08-18 19:49:23,847 INFO [main][StartupInfoLogger.java:61] - Started wang.zi.jie.SystemApplication in 7.959 seconds (JVM running for 10.409)
2024-08-18 19:50:20,345 INFO [http-nio-63110-exec-1][DirectJDKLog.java:173] - Initializing Spring DispatcherServlet 'dispatcherServlet'
2024-08-18 19:50:20,346 INFO [http-nio-63110-exec-1][FrameworkServlet.java:525] - Initializing Servlet 'dispatcherServlet'
2024-08-18 19:50:20,345 INFO [http-nio-63110-exec-1][DirectJDKLog.java:173] - Initializing Spring DispatcherServlet 'dispatcherServlet'
2024-08-18 19:50:20,346 INFO [http-nio-63110-exec-1][FrameworkServlet.java:525] - Initializing Servlet 'dispatcherServlet'
2024-08-18 19:50:20,447 INFO [http-nio-63110-exec-1][FrameworkServlet.java:547] - Completed initialization in 101 ms
2024-08-18 19:50:20,447 INFO [http-nio-63110-exec-1][FrameworkServlet.java:547] - Completed initialization in 101 ms
2024-08-18 19:50:21,029 INFO [http-nio-63110-exec-1][HikariDataSource.java:110] - HikariPool-1 - Starting...
2024-08-18 19:50:21,029 INFO [http-nio-63110-exec-1][HikariDataSource.java:110] - HikariPool-1 - Starting...
2024-08-18 19:50:21,637 INFO [http-nio-63110-exec-1][HikariDataSource.java:123] - HikariPool-1 - Start completed.
2024-08-18 19:50:21,637 INFO [http-nio-63110-exec-1][HikariDataSource.java:123] - HikariPool-1 - Start completed.
