2024-08-18 22:06:24,763 INFO [SpringContextShutdownHook][ExecutorConfigurationSupport.java:218] - Shutting down ExecutorService 'applicationTaskExecutor'
2024-08-18 22:06:24,763 INFO [SpringContextShutdownHook][ExecutorConfigurationSupport.java:218] - Shutting down ExecutorService 'applicationTaskExecutor'
2024-08-18 22:06:39,225 INFO [background-preinit][Version.java:21] - HV000001: Hibernate Validator 6.1.6.Final
2024-08-18 22:06:39,225 INFO [background-preinit][Version.java:21] - HV000001: Hibernate Validator 6.1.6.Final
2024-08-18 22:06:39,669 INFO [main][SpringApplication.java:651] - No active profile set, falling back to default profiles: default
2024-08-18 22:06:39,669 INFO [main][SpringApplication.java:651] - No active profile set, falling back to default profiles: default
2024-08-18 22:06:40,497 INFO [main][GenericScope.java:295] - BeanFactory id=a82af4a0-8800-3bcb-ad86-8f5aa515d5d9
2024-08-18 22:06:40,497 INFO [main][GenericScope.java:295] - BeanFactory id=a82af4a0-8800-3bcb-ad86-8f5aa515d5d9
2024-08-18 22:06:40,800 INFO [main][TomcatWebServer.java:108] - Tomcat initialized with port(s): 63040 (http)
2024-08-18 22:06:40,800 INFO [main][TomcatWebServer.java:108] - Tomcat initialized with port(s): 63040 (http)
2024-08-18 22:06:40,809 INFO [main][DirectJDKLog.java:173] - Initializing ProtocolHandler ["http-nio-63040"]
2024-08-18 22:06:40,809 INFO [main][DirectJDKLog.java:173] - Initializing ProtocolHandler ["http-nio-63040"]
2024-08-18 22:06:40,809 INFO [main][DirectJDKLog.java:173] - Starting service [Tomcat]
2024-08-18 22:06:40,809 INFO [main][DirectJDKLog.java:173] - Starting service [Tomcat]
2024-08-18 22:06:40,809 INFO [main][DirectJDKLog.java:173] - Starting Servlet engine: [Apache Tomcat/9.0.41]
2024-08-18 22:06:40,809 INFO [main][DirectJDKLog.java:173] - Starting Servlet engine: [Apache Tomcat/9.0.41]
2024-08-18 22:06:40,937 INFO [main][DirectJDKLog.java:173] - Initializing Spring embedded WebApplicationContext
2024-08-18 22:06:40,937 INFO [main][DirectJDKLog.java:173] - Initializing Spring embedded WebApplicationContext
2024-08-18 22:06:40,937 INFO [main][ServletWebServerApplicationContext.java:285] - Root WebApplicationContext: initialization completed in 1250 ms
2024-08-18 22:06:40,937 INFO [main][ServletWebServerApplicationContext.java:285] - Root WebApplicationContext: initialization completed in 1250 ms
2024-08-18 22:06:43,498 INFO [main][PropertySourcedRequestMappingHandlerMapping.java:69] - Mapped URL path [/v2/api-docs] onto method [springfox.documentation.swagger2.web.Swagger2Controller#getDocumentation(String, HttpServletRequest)]
2024-08-18 22:06:43,498 INFO [main][PropertySourcedRequestMappingHandlerMapping.java:69] - Mapped URL path [/v2/api-docs] onto method [springfox.documentation.swagger2.web.Swagger2Controller#getDocumentation(String, HttpServletRequest)]
2024-08-18 22:06:43,603 INFO [main][ExecutorConfigurationSupport.java:181] - Initializing ExecutorService 'applicationTaskExecutor'
2024-08-18 22:06:43,603 INFO [main][ExecutorConfigurationSupport.java:181] - Initializing ExecutorService 'applicationTaskExecutor'
2024-08-18 22:06:44,109 INFO [main][DirectJDKLog.java:173] - Starting ProtocolHandler ["http-nio-63040"]
2024-08-18 22:06:44,109 INFO [main][DirectJDKLog.java:173] - Starting ProtocolHandler ["http-nio-63040"]
2024-08-18 22:06:44,130 INFO [main][TomcatWebServer.java:220] - Tomcat started on port(s): 63040 (http) with context path '/content'
2024-08-18 22:06:44,130 INFO [main][TomcatWebServer.java:220] - Tomcat started on port(s): 63040 (http) with context path '/content'
2024-08-18 22:06:44,131 INFO [main][DocumentationPluginsBootstrapper.java:160] - Context refreshed
2024-08-18 22:06:44,131 INFO [main][DocumentationPluginsBootstrapper.java:160] - Context refreshed
2024-08-18 22:06:44,144 INFO [main][DocumentationPluginsBootstrapper.java:163] - Found 1 custom documentation plugin(s)
2024-08-18 22:06:44,144 INFO [main][DocumentationPluginsBootstrapper.java:163] - Found 1 custom documentation plugin(s)
2024-08-18 22:06:44,176 INFO [main][ApiListingReferenceScanner.java:41] - Scanning for api listing references
2024-08-18 22:06:44,176 INFO [main][ApiListingReferenceScanner.java:41] - Scanning for api listing references
2024-08-18 22:06:44,348 INFO [main][StartupInfoLogger.java:61] - Started wang.zi.jie.StudyContentApiApplication in 5.494 seconds (JVM running for 7.389)
2024-08-18 22:06:44,348 INFO [main][StartupInfoLogger.java:61] - Started wang.zi.jie.StudyContentApiApplication in 5.494 seconds (JVM running for 7.389)
