2024-08-18 20:06:24,691 INFO [SpringContextShutdownHook][ExecutorConfigurationSupport.java:218] - Shutting down ExecutorService 'taskScheduler'
2024-08-18 20:06:24,691 INFO [SpringContextShutdownHook][ExecutorConfigurationSupport.java:218] - Shutting down ExecutorService 'taskScheduler'
2024-08-18 20:06:24,704 INFO [SpringContextShutdownHook][ExecutorConfigurationSupport.java:218] - Shutting down ExecutorService 'applicationTaskExecutor'
2024-08-18 20:06:24,704 INFO [SpringContextShutdownHook][ExecutorConfigurationSupport.java:218] - Shutting down ExecutorService 'applicationTaskExecutor'
2024-08-18 20:06:24,705 INFO [SpringContextShutdownHook][HikariDataSource.java:350] - HikariPool-1 - Shutdown initiated...
2024-08-18 20:06:24,705 INFO [SpringContextShutdownHook][HikariDataSource.java:350] - HikariPool-1 - Shutdown initiated...
2024-08-18 20:06:24,714 INFO [SpringContextShutdownHook][HikariDataSource.java:352] - HikariPool-1 - Shutdown completed.
2024-08-18 20:06:24,714 INFO [SpringContextShutdownHook][HikariDataSource.java:352] - HikariPool-1 - Shutdown completed.
2024-08-18 20:06:32,587 INFO [background-preinit][Version.java:21] - HV000001: Hibernate Validator 6.1.6.Final
2024-08-18 20:06:32,587 INFO [background-preinit][Version.java:21] - HV000001: Hibernate Validator 6.1.6.Final
2024-08-18 20:06:33,031 INFO [main][SpringApplication.java:651] - No active profile set, falling back to default profiles: default
2024-08-18 20:06:33,031 INFO [main][SpringApplication.java:651] - No active profile set, falling back to default profiles: default
2024-08-18 20:06:33,908 INFO [main][GenericScope.java:295] - BeanFactory id=493b22b8-4e13-3f9b-9069-69c020a09125
2024-08-18 20:06:33,908 INFO [main][GenericScope.java:295] - BeanFactory id=493b22b8-4e13-3f9b-9069-69c020a09125
2024-08-18 20:06:34,229 INFO [main][TomcatWebServer.java:108] - Tomcat initialized with port(s): 63110 (http)
2024-08-18 20:06:34,229 INFO [main][TomcatWebServer.java:108] - Tomcat initialized with port(s): 63110 (http)
2024-08-18 20:06:34,239 INFO [main][DirectJDKLog.java:173] - Initializing ProtocolHandler ["http-nio-63110"]
2024-08-18 20:06:34,239 INFO [main][DirectJDKLog.java:173] - Initializing ProtocolHandler ["http-nio-63110"]
2024-08-18 20:06:34,239 INFO [main][DirectJDKLog.java:173] - Starting service [Tomcat]
2024-08-18 20:06:34,239 INFO [main][DirectJDKLog.java:173] - Starting service [Tomcat]
2024-08-18 20:06:34,240 INFO [main][DirectJDKLog.java:173] - Starting Servlet engine: [Apache Tomcat/9.0.41]
2024-08-18 20:06:34,240 INFO [main][DirectJDKLog.java:173] - Starting Servlet engine: [Apache Tomcat/9.0.41]
2024-08-18 20:06:34,370 INFO [main][DirectJDKLog.java:173] - Initializing Spring embedded WebApplicationContext
2024-08-18 20:06:34,370 INFO [main][DirectJDKLog.java:173] - Initializing Spring embedded WebApplicationContext
2024-08-18 20:06:34,371 INFO [main][ServletWebServerApplicationContext.java:285] - Root WebApplicationContext: initialization completed in 1320 ms
2024-08-18 20:06:34,371 INFO [main][ServletWebServerApplicationContext.java:285] - Root WebApplicationContext: initialization completed in 1320 ms
2024-08-18 20:06:37,121 INFO [main][PropertySourcedRequestMappingHandlerMapping.java:69] - Mapped URL path [/v2/api-docs] onto method [springfox.documentation.swagger2.web.Swagger2Controller#getDocumentation(String, HttpServletRequest)]
2024-08-18 20:06:37,121 INFO [main][PropertySourcedRequestMappingHandlerMapping.java:69] - Mapped URL path [/v2/api-docs] onto method [springfox.documentation.swagger2.web.Swagger2Controller#getDocumentation(String, HttpServletRequest)]
2024-08-18 20:06:37,224 INFO [main][ExecutorConfigurationSupport.java:181] - Initializing ExecutorService 'applicationTaskExecutor'
2024-08-18 20:06:37,224 INFO [main][ExecutorConfigurationSupport.java:181] - Initializing ExecutorService 'applicationTaskExecutor'
2024-08-18 20:06:37,357 INFO [main][ExecutorConfigurationSupport.java:181] - Initializing ExecutorService 'taskScheduler'
2024-08-18 20:06:37,357 INFO [main][ExecutorConfigurationSupport.java:181] - Initializing ExecutorService 'taskScheduler'
2024-08-18 20:06:37,430 INFO [main][DirectJDKLog.java:173] - Starting ProtocolHandler ["http-nio-63110"]
2024-08-18 20:06:37,430 INFO [main][DirectJDKLog.java:173] - Starting ProtocolHandler ["http-nio-63110"]
2024-08-18 20:06:37,452 INFO [main][TomcatWebServer.java:220] - Tomcat started on port(s): 63110 (http) with context path '/system'
2024-08-18 20:06:37,452 INFO [main][TomcatWebServer.java:220] - Tomcat started on port(s): 63110 (http) with context path '/system'
2024-08-18 20:06:37,453 INFO [main][DocumentationPluginsBootstrapper.java:160] - Context refreshed
2024-08-18 20:06:37,453 INFO [main][DocumentationPluginsBootstrapper.java:160] - Context refreshed
2024-08-18 20:06:37,465 INFO [main][DocumentationPluginsBootstrapper.java:163] - Found 1 custom documentation plugin(s)
2024-08-18 20:06:37,465 INFO [main][DocumentationPluginsBootstrapper.java:163] - Found 1 custom documentation plugin(s)
2024-08-18 20:06:37,499 INFO [main][ApiListingReferenceScanner.java:41] - Scanning for api listing references
2024-08-18 20:06:37,499 INFO [main][ApiListingReferenceScanner.java:41] - Scanning for api listing references
2024-08-18 20:06:37,656 INFO [main][StartupInfoLogger.java:61] - Started wang.zi.jie.SystemApplication in 5.512 seconds (JVM running for 7.427)
2024-08-18 20:06:37,656 INFO [main][StartupInfoLogger.java:61] - Started wang.zi.jie.SystemApplication in 5.512 seconds (JVM running for 7.427)
2024-08-18 20:08:56,563 INFO [http-nio-63110-exec-1][DirectJDKLog.java:173] - Initializing Spring DispatcherServlet 'dispatcherServlet'
2024-08-18 20:08:56,563 INFO [http-nio-63110-exec-1][DirectJDKLog.java:173] - Initializing Spring DispatcherServlet 'dispatcherServlet'
2024-08-18 20:08:56,564 INFO [http-nio-63110-exec-1][FrameworkServlet.java:525] - Initializing Servlet 'dispatcherServlet'
2024-08-18 20:08:56,564 INFO [http-nio-63110-exec-1][FrameworkServlet.java:525] - Initializing Servlet 'dispatcherServlet'
2024-08-18 20:08:56,572 INFO [http-nio-63110-exec-1][FrameworkServlet.java:547] - Completed initialization in 8 ms
2024-08-18 20:08:56,572 INFO [http-nio-63110-exec-1][FrameworkServlet.java:547] - Completed initialization in 8 ms
2024-08-18 20:08:56,769 INFO [http-nio-63110-exec-1][HikariDataSource.java:110] - HikariPool-1 - Starting...
2024-08-18 20:08:56,769 INFO [http-nio-63110-exec-1][HikariDataSource.java:110] - HikariPool-1 - Starting...
2024-08-18 20:08:57,292 INFO [http-nio-63110-exec-1][HikariDataSource.java:123] - HikariPool-1 - Start completed.
2024-08-18 20:08:57,292 INFO [http-nio-63110-exec-1][HikariDataSource.java:123] - HikariPool-1 - Start completed.
